2021/12/16 20:51:14 main.go:15: test
2021/12/18 13:30:27 users.go:33: sql: converting argument $1 type: unsupported type func() uuid.UUID, a func
2021/12/18 14:08:50 todos.go:24: near "int": syntax error
2021/12/20 21:05:34 server.go:3160: http: panic serving 10.0.2.2:60189: template: top.html:3: unexpected EOF
goroutine 6 [running]:
net/http.(*conn).serve.func1()
	/usr/local/go/src/net/http/server.go:1802 +0xb9
panic({0x6d84c0, 0xc000012e90})
	/usr/local/go/src/runtime/panic.go:1047 +0x266
text/template.Must(...)
	/usr/local/go/src/text/template/helper.go:25
todo_app/todo_app/app/controllers.generateHTML({0x7951c0, 0xc0000ca0e0}, {0x6cbe40, 0x78ce40}, {0xc00004da18, 0x2, 0xc0000ca120})
	/home/shogo/go/src/todo_app/app/controllers/server.go:16 +0xf9
todo_app/todo_app/app/controllers.top({0x7951c0, 0xc0000ca0e0}, 0x0)
	/home/shogo/go/src/todo_app/app/controllers/rote_main.go:8 +0x76
net/http.HandlerFunc.ServeHTTP(0x0, {0x7951c0, 0xc0000ca0e0}, 0x0)
	/usr/local/go/src/net/http/server.go:2047 +0x2f
net/http.(*ServeMux).ServeHTTP(0x0, {0x7951c0, 0xc0000ca0e0}, 0xc0000c6200)
	/usr/local/go/src/net/http/server.go:2425 +0x149
net/http.serverHandler.ServeHTTP({0xc0000792c0}, {0x7951c0, 0xc0000ca0e0}, 0xc0000c6200)
	/usr/local/go/src/net/http/server.go:2879 +0x43b
net/http.(*conn).serve(0xc000088dc0, {0x796340, 0xc0000790b0})
	/usr/local/go/src/net/http/server.go:1930 +0xb08
created by net/http.(*Server).Serve
	/usr/local/go/src/net/http/server.go:3034 +0x4e8
2021/12/20 21:05:34 server.go:3160: http: panic serving 10.0.2.2:60190: template: top.html:3: unexpected EOF
goroutine 7 [running]:
net/http.(*conn).serve.func1()
	/usr/local/go/src/net/http/server.go:1802 +0xb9
panic({0x6d84c0, 0xc000012fd0})
	/usr/local/go/src/runtime/panic.go:1047 +0x266
text/template.Must(...)
	/usr/local/go/src/text/template/helper.go:25
todo_app/todo_app/app/controllers.generateHTML({0x7951c0, 0xc0000ca1c0}, {0x6cbe40, 0x78ce40}, {0xc000091a18, 0x2, 0xc0000ca200})
	/home/shogo/go/src/todo_app/app/controllers/server.go:16 +0xf9
todo_app/todo_app/app/controllers.top({0x7951c0, 0xc0000ca1c0}, 0x0)
	/home/shogo/go/src/todo_app/app/controllers/rote_main.go:8 +0x76
net/http.HandlerFunc.ServeHTTP(0x0, {0x7951c0, 0xc0000ca1c0}, 0x0)
	/usr/local/go/src/net/http/server.go:2047 +0x2f
net/http.(*ServeMux).ServeHTTP(0x0, {0x7951c0, 0xc0000ca1c0}, 0xc0000c6100)
	/usr/local/go/src/net/http/server.go:2425 +0x149
net/http.serverHandler.ServeHTTP({0xc000079200}, {0x7951c0, 0xc0000ca1c0}, 0xc0000c6100)
	/usr/local/go/src/net/http/server.go:2879 +0x43b
net/http.(*conn).serve(0xc000088e60, {0x796340, 0xc0000790b0})
	/usr/local/go/src/net/http/server.go:1930 +0xb08
created by net/http.(*Server).Serve
	/usr/local/go/src/net/http/server.go:3034 +0x4e8
2021/12/20 21:05:34 server.go:3160: http: panic serving 10.0.2.2:60192: template: top.html:3: unexpected EOF
goroutine 14 [running]:
net/http.(*conn).serve.func1()
	/usr/local/go/src/net/http/server.go:1802 +0xb9
panic({0x6d84c0, 0xc000013120})
	/usr/local/go/src/runtime/panic.go:1047 +0x266
text/template.Must(...)
	/usr/local/go/src/text/template/helper.go:25
todo_app/todo_app/app/controllers.generateHTML({0x7951c0, 0xc0000ca2a0}, {0x6cbe40, 0x78ce40}, {0xc00004da18, 0x2, 0xc0000ca2e0})
	/home/shogo/go/src/todo_app/app/controllers/server.go:16 +0xf9
todo_app/todo_app/app/controllers.top({0x7951c0, 0xc0000ca2a0}, 0x0)
	/home/shogo/go/src/todo_app/app/controllers/rote_main.go:8 +0x76
net/http.HandlerFunc.ServeHTTP(0x0, {0x7951c0, 0xc0000ca2a0}, 0x0)
	/usr/local/go/src/net/http/server.go:2047 +0x2f
net/http.(*ServeMux).ServeHTTP(0x0, {0x7951c0, 0xc0000ca2a0}, 0xc0000c6500)
	/usr/local/go/src/net/http/server.go:2425 +0x149
net/http.serverHandler.ServeHTTP({0xc000079b60}, {0x7951c0, 0xc0000ca2a0}, 0xc0000c6500)
	/usr/local/go/src/net/http/server.go:2879 +0x43b
net/http.(*conn).serve(0xc000088f00, {0x796340, 0xc0000790b0})
	/usr/local/go/src/net/http/server.go:1930 +0xb08
created by net/http.(*Server).Serve
	/usr/local/go/src/net/http/server.go:3034 +0x4e8
2021/12/20 21:05:35 server.go:3160: http: panic serving 10.0.2.2:60194: template: top.html:3: unexpected EOF
goroutine 19 [running]:
net/http.(*conn).serve.func1()
	/usr/local/go/src/net/http/server.go:1802 +0xb9
panic({0x6d84c0, 0xc000013280})
	/usr/local/go/src/runtime/panic.go:1047 +0x266
text/template.Must(...)
	/usr/local/go/src/text/template/helper.go:25
todo_app/todo_app/app/controllers.generateHTML({0x7951c0, 0xc0000ca380}, {0x6cbe40, 0x78ce40}, {0xc00004ea18, 0x2, 0xc0000ca3c0})
	/home/shogo/go/src/todo_app/app/controllers/server.go:16 +0xf9
todo_app/todo_app/app/controllers.top({0x7951c0, 0xc0000ca380}, 0x0)
	/home/shogo/go/src/todo_app/app/controllers/rote_main.go:8 +0x76
net/http.HandlerFunc.ServeHTTP(0x0, {0x7951c0, 0xc0000ca380}, 0x0)
	/usr/local/go/src/net/http/server.go:2047 +0x2f
net/http.(*ServeMux).ServeHTTP(0x0, {0x7951c0, 0xc0000ca380}, 0xc0000c6800)
	/usr/local/go/src/net/http/server.go:2425 +0x149
net/http.serverHandler.ServeHTTP({0xc000130090}, {0x7951c0, 0xc0000ca380}, 0xc0000c6800)
	/usr/local/go/src/net/http/server.go:2879 +0x43b
net/http.(*conn).serve(0xc000088fa0, {0x796340, 0xc0000790b0})
	/usr/local/go/src/net/http/server.go:1930 +0xb08
created by net/http.(*Server).Serve
	/usr/local/go/src/net/http/server.go:3034 +0x4e8
2021/12/20 21:05:35 server.go:3160: http: panic serving 10.0.2.2:60196: template: top.html:3: unexpected EOF
goroutine 20 [running]:
net/http.(*conn).serve.func1()
	/usr/local/go/src/net/http/server.go:1802 +0xb9
panic({0x6d84c0, 0xc0000133c0})
	/usr/local/go/src/runtime/panic.go:1047 +0x266
text/template.Must(...)
	/usr/local/go/src/text/template/helper.go:25
todo_app/todo_app/app/controllers.generateHTML({0x7951c0, 0xc0000ca460}, {0x6cbe40, 0x78ce40}, {0xc00004da18, 0x2, 0xc0000ca4a0})
	/home/shogo/go/src/todo_app/app/controllers/server.go:16 +0xf9
todo_app/todo_app/app/controllers.top({0x7951c0, 0xc0000ca460}, 0x0)
	/home/shogo/go/src/todo_app/app/controllers/rote_main.go:8 +0x76
net/http.HandlerFunc.ServeHTTP(0x0, {0x7951c0, 0xc0000ca460}, 0x0)
	/usr/local/go/src/net/http/server.go:2047 +0x2f
net/http.(*ServeMux).ServeHTTP(0x0, {0x7951c0, 0xc0000ca460}, 0xc0000c6700)
	/usr/local/go/src/net/http/server.go:2425 +0x149
net/http.serverHandler.ServeHTTP({0xc000130030}, {0x7951c0, 0xc0000ca460}, 0xc0000c6700)
	/usr/local/go/src/net/http/server.go:2879 +0x43b
net/http.(*conn).serve(0xc000089040, {0x796340, 0xc0000790b0})
	/usr/local/go/src/net/http/server.go:1930 +0xb08
created by net/http.(*Server).Serve
	/usr/local/go/src/net/http/server.go:3034 +0x4e8
2021/12/20 21:05:35 server.go:3160: http: panic serving 10.0.2.2:60198: template: top.html:3: unexpected EOF
goroutine 27 [running]:
net/http.(*conn).serve.func1()
	/usr/local/go/src/net/http/server.go:1802 +0xb9
panic({0x6d84c0, 0xc000013510})
	/usr/local/go/src/runtime/panic.go:1047 +0x266
text/template.Must(...)
	/usr/local/go/src/text/template/helper.go:25
todo_app/todo_app/app/controllers.generateHTML({0x7951c0, 0xc0000ca540}, {0x6cbe40, 0x78ce40}, {0xc00004da18, 0x2, 0xc0000ca580})
	/home/shogo/go/src/todo_app/app/controllers/server.go:16 +0xf9
todo_app/todo_app/app/controllers.top({0x7951c0, 0xc0000ca540}, 0x0)
	/home/shogo/go/src/todo_app/app/controllers/rote_main.go:8 +0x76
net/http.HandlerFunc.ServeHTTP(0x0, {0x7951c0, 0xc0000ca540}, 0x0)
	/usr/local/go/src/net/http/server.go:2047 +0x2f
net/http.(*ServeMux).ServeHTTP(0x0, {0x7951c0, 0xc0000ca540}, 0xc0000c6b00)
	/usr/local/go/src/net/http/server.go:2425 +0x149
net/http.serverHandler.ServeHTTP({0xc000130870}, {0x7951c0, 0xc0000ca540}, 0xc0000c6b00)
	/usr/local/go/src/net/http/server.go:2879 +0x43b
net/http.(*conn).serve(0xc0000890e0, {0x796340, 0xc0000790b0})
	/usr/local/go/src/net/http/server.go:1930 +0xb08
created by net/http.(*Server).Serve
	/usr/local/go/src/net/http/server.go:3034 +0x4e8
2021/12/20 21:05:36 server.go:3160: http: panic serving 10.0.2.2:60202: template: top.html:3: unexpected EOF
goroutine 31 [running]:
net/http.(*conn).serve.func1()
	/usr/local/go/src/net/http/server.go:1802 +0xb9
panic({0x6d84c0, 0xc000013670})
	/usr/local/go/src/runtime/panic.go:1047 +0x266
text/template.Must(...)
	/usr/local/go/src/text/template/helper.go:25
todo_app/todo_app/app/controllers.generateHTML({0x7951c0, 0xc0000ca620}, {0x6cbe40, 0x78ce40}, {0xc00004ea18, 0x2, 0xc0000ca660})
	/home/shogo/go/src/todo_app/app/controllers/server.go:16 +0xf9
todo_app/todo_app/app/controllers.top({0x7951c0, 0xc0000ca620}, 0x0)
	/home/shogo/go/src/todo_app/app/controllers/rote_main.go:8 +0x76
net/http.HandlerFunc.ServeHTTP(0x0, {0x7951c0, 0xc0000ca620}, 0x0)
	/usr/local/go/src/net/http/server.go:2047 +0x2f
net/http.(*ServeMux).ServeHTTP(0x0, {0x7951c0, 0xc0000ca620}, 0xc0000c6e00)
	/usr/local/go/src/net/http/server.go:2425 +0x149
net/http.serverHandler.ServeHTTP({0xc000130d80}, {0x7951c0, 0xc0000ca620}, 0xc0000c6e00)
	/usr/local/go/src/net/http/server.go:2879 +0x43b
net/http.(*conn).serve(0xc000089180, {0x796340, 0xc0000790b0})
	/usr/local/go/src/net/http/server.go:1930 +0xb08
created by net/http.(*Server).Serve
	/usr/local/go/src/net/http/server.go:3034 +0x4e8
2021/12/20 21:05:36 server.go:3160: http: panic serving 10.0.2.2:60203: template: top.html:3: unexpected EOF
goroutine 32 [running]:
net/http.(*conn).serve.func1()
	/usr/local/go/src/net/http/server.go:1802 +0xb9
panic({0x6d84c0, 0xc0000137b0})
	/usr/local/go/src/runtime/panic.go:1047 +0x266
text/template.Must(...)
	/usr/local/go/src/text/template/helper.go:25
todo_app/todo_app/app/controllers.generateHTML({0x7951c0, 0xc0000ca700}, {0x6cbe40, 0x78ce40}, {0xc00004da18, 0x2, 0xc0000ca740})
	/home/shogo/go/src/todo_app/app/controllers/server.go:16 +0xf9
todo_app/todo_app/app/controllers.top({0x7951c0, 0xc0000ca700}, 0x0)
	/home/shogo/go/src/todo_app/app/controllers/rote_main.go:8 +0x76
net/http.HandlerFunc.ServeHTTP(0x0, {0x7951c0, 0xc0000ca700}, 0x0)
	/usr/local/go/src/net/http/server.go:2047 +0x2f
net/http.(*ServeMux).ServeHTTP(0x0, {0x7951c0, 0xc0000ca700}, 0xc0000c6d00)
	/usr/local/go/src/net/http/server.go:2425 +0x149
net/http.serverHandler.ServeHTTP({0xc000130d20}, {0x7951c0, 0xc0000ca700}, 0xc0000c6d00)
	/usr/local/go/src/net/http/server.go:2879 +0x43b
net/http.(*conn).serve(0xc000089220, {0x796340, 0xc0000790b0})
	/usr/local/go/src/net/http/server.go:1930 +0xb08
created by net/http.(*Server).Serve
	/usr/local/go/src/net/http/server.go:3034 +0x4e8
2021/12/20 21:05:36 server.go:3160: http: panic serving 10.0.2.2:60205: template: top.html:3: unexpected EOF
goroutine 39 [running]:
net/http.(*conn).serve.func1()
	/usr/local/go/src/net/http/server.go:1802 +0xb9
panic({0x6d84c0, 0xc000013900})
	/usr/local/go/src/runtime/panic.go:1047 +0x266
text/template.Must(...)
	/usr/local/go/src/text/template/helper.go:25
todo_app/todo_app/app/controllers.generateHTML({0x7951c0, 0xc0000ca7e0}, {0x6cbe40, 0x78ce40}, {0xc00004da18, 0x2, 0xc0000ca820})
	/home/shogo/go/src/todo_app/app/controllers/server.go:16 +0xf9
todo_app/todo_app/app/controllers.top({0x7951c0, 0xc0000ca7e0}, 0x0)
	/home/shogo/go/src/todo_app/app/controllers/rote_main.go:8 +0x76
net/http.HandlerFunc.ServeHTTP(0x4, {0x7951c0, 0xc0000ca7e0}, 0x7fc176e49108)
	/usr/local/go/src/net/http/server.go:2047 +0x2f
net/http.(*ServeMux).ServeHTTP(0x0, {0x7951c0, 0xc0000ca7e0}, 0xc0000c7100)
	/usr/local/go/src/net/http/server.go:2425 +0x149
net/http.serverHandler.ServeHTTP({0xc000131560}, {0x7951c0, 0xc0000ca7e0}, 0xc0000c7100)
	/usr/local/go/src/net/http/server.go:2879 +0x43b
net/http.(*conn).serve(0xc0000892c0, {0x796340, 0xc0000790b0})
	/usr/local/go/src/net/http/server.go:1930 +0xb08
created by net/http.(*Server).Serve
	/usr/local/go/src/net/http/server.go:3034 +0x4e8
2021/12/20 21:05:41 server.go:3160: http: panic serving 10.0.2.2:60213: template: top.html:3: unexpected EOF
goroutine 43 [running]:
net/http.(*conn).serve.func1()
	/usr/local/go/src/net/http/server.go:1802 +0xb9
panic({0x6d84c0, 0xc000013a60})
	/usr/local/go/src/runtime/panic.go:1047 +0x266
text/template.Must(...)
	/usr/local/go/src/text/template/helper.go:25
todo_app/todo_app/app/controllers.generateHTML({0x7951c0, 0xc0000ca8c0}, {0x6cbe40, 0x78ce40}, {0xc00004ea18, 0x2, 0xc0000ca900})
	/home/shogo/go/src/todo_app/app/controllers/server.go:16 +0xf9
todo_app/todo_app/app/controllers.top({0x7951c0, 0xc0000ca8c0}, 0x0)
	/home/shogo/go/src/todo_app/app/controllers/rote_main.go:8 +0x76
net/http.HandlerFunc.ServeHTTP(0x0, {0x7951c0, 0xc0000ca8c0}, 0x0)
	/usr/local/go/src/net/http/server.go:2047 +0x2f
net/http.(*ServeMux).ServeHTTP(0x0, {0x7951c0, 0xc0000ca8c0}, 0xc0000c7400)
	/usr/local/go/src/net/http/server.go:2425 +0x149
net/http.serverHandler.ServeHTTP({0xc000131a70}, {0x7951c0, 0xc0000ca8c0}, 0xc0000c7400)
	/usr/local/go/src/net/http/server.go:2879 +0x43b
net/http.(*conn).serve(0xc000089360, {0x796340, 0xc0000790b0})
	/usr/local/go/src/net/http/server.go:1930 +0xb08
created by net/http.(*Server).Serve
	/usr/local/go/src/net/http/server.go:3034 +0x4e8
2021/12/20 21:05:41 server.go:3160: http: panic serving 10.0.2.2:60214: template: top.html:3: unexpected EOF
goroutine 44 [running]:
net/http.(*conn).serve.func1()
	/usr/local/go/src/net/http/server.go:1802 +0xb9
panic({0x6d84c0, 0xc000013ba0})
	/usr/local/go/src/runtime/panic.go:1047 +0x266
text/template.Must(...)
	/usr/local/go/src/text/template/helper.go:25
todo_app/todo_app/app/controllers.generateHTML({0x7951c0, 0xc0000ca9a0}, {0x6cbe40, 0x78ce40}, {0xc00004da18, 0x2, 0xc0000ca9e0})
	/home/shogo/go/src/todo_app/app/controllers/server.go:16 +0xf9
todo_app/todo_app/app/controllers.top({0x7951c0, 0xc0000ca9a0}, 0x0)
	/home/shogo/go/src/todo_app/app/controllers/rote_main.go:8 +0x76
net/http.HandlerFunc.ServeHTTP(0x0, {0x7951c0, 0xc0000ca9a0}, 0x0)
	/usr/local/go/src/net/http/server.go:2047 +0x2f
net/http.(*ServeMux).ServeHTTP(0x0, {0x7951c0, 0xc0000ca9a0}, 0xc0000c7300)
	/usr/local/go/src/net/http/server.go:2425 +0x149
net/http.serverHandler.ServeHTTP({0xc000131a10}, {0x7951c0, 0xc0000ca9a0}, 0xc0000c7300)
	/usr/local/go/src/net/http/server.go:2879 +0x43b
net/http.(*conn).serve(0xc000089400, {0x796340, 0xc0000790b0})
	/usr/local/go/src/net/http/server.go:1930 +0xb08
created by net/http.(*Server).Serve
	/usr/local/go/src/net/http/server.go:3034 +0x4e8
2021/12/20 21:05:41 server.go:3160: http: panic serving 10.0.2.2:60216: template: top.html:3: unexpected EOF
goroutine 51 [running]:
net/http.(*conn).serve.func1()
	/usr/local/go/src/net/http/server.go:1802 +0xb9
panic({0x6d84c0, 0xc000013cf0})
	/usr/local/go/src/runtime/panic.go:1047 +0x266
text/template.Must(...)
	/usr/local/go/src/text/template/helper.go:25
todo_app/todo_app/app/controllers.generateHTML({0x7951c0, 0xc0000caa80}, {0x6cbe40, 0x78ce40}, {0xc00004da18, 0x2, 0xc0000caac0})
	/home/shogo/go/src/todo_app/app/controllers/server.go:16 +0xf9
todo_app/todo_app/app/controllers.top({0x7951c0, 0xc0000caa80}, 0x0)
	/home/shogo/go/src/todo_app/app/controllers/rote_main.go:8 +0x76
net/http.HandlerFunc.ServeHTTP(0x0, {0x7951c0, 0xc0000caa80}, 0x0)
	/usr/local/go/src/net/http/server.go:2047 +0x2f
net/http.(*ServeMux).ServeHTTP(0x0, {0x7951c0, 0xc0000caa80}, 0xc0000c7700)
	/usr/local/go/src/net/http/server.go:2425 +0x149
net/http.serverHandler.ServeHTTP({0xc0001ba270}, {0x7951c0, 0xc0000caa80}, 0xc0000c7700)
	/usr/local/go/src/net/http/server.go:2879 +0x43b
net/http.(*conn).serve(0xc0000894a0, {0x796340, 0xc0000790b0})
	/usr/local/go/src/net/http/server.go:1930 +0xb08
created by net/http.(*Server).Serve
	/usr/local/go/src/net/http/server.go:3034 +0x4e8
2021/12/25 10:14:43 main.go:17: near ",": syntax error
2021/12/25 10:16:44 main.go:17: no such column: crated_at
2021/12/25 10:22:11 main.go:17: sql: expected 5 destination arguments in Scan, not 4
2021/12/25 10:38:10 route_auth.go:35: <nil>
2021/12/25 10:41:42 route_auth.go:35: <nil>
2021/12/25 10:44:55 route_auth.go:38: sql: no rows in result set
2021/12/25 10:46:39 route_auth.go:38: sql: no rows in result set
2021/12/25 10:47:32 server.go:3160: http: superfluous response.WriteHeader call from todo_app/todo_app/app/controllers.auhtenticate (route_auth.go:56)
2021/12/25 11:20:00 server.go:3160: http: panic serving 10.0.2.2:52111: template: private_navbar.html:4: unexpected EOF
goroutine 7 [running]:
net/http.(*conn).serve.func1()
	/usr/local/go/src/net/http/server.go:1802 +0xb9
panic({0x7d96e0, 0xc0000131d0})
	/usr/local/go/src/runtime/panic.go:1047 +0x266
text/template.Must(...)
	/usr/local/go/src/text/template/helper.go:25
todo_app/todo_app/app/controllers.generateHTML({0x8a5fb8, 0xc0000d01c0}, {0x0, 0x0}, {0xc00008ba08, 0x3, 0xc00008bb70})
	/home/shogo/go/src/todo_app/app/controllers/server.go:17 +0xf9
todo_app/todo_app/app/controllers.index({0x8a5fb8, 0xc0000d01c0}, 0x0)
	/home/shogo/go/src/todo_app/app/controllers/rote_main.go:22 +0xe5
net/http.HandlerFunc.ServeHTTP(0x0, {0x8a5fb8, 0xc0000d01c0}, 0x0)
	/usr/local/go/src/net/http/server.go:2047 +0x2f
net/http.(*ServeMux).ServeHTTP(0x0, {0x8a5fb8, 0xc0000d01c0}, 0xc0000c6300)
	/usr/local/go/src/net/http/server.go:2425 +0x149
net/http.serverHandler.ServeHTTP({0xc000079470}, {0x8a5fb8, 0xc0000d01c0}, 0xc0000c6300)
	/usr/local/go/src/net/http/server.go:2879 +0x43b
net/http.(*conn).serve(0xc000088e60, {0x8a7700, 0xc000079260})
	/usr/local/go/src/net/http/server.go:1930 +0xb08
created by net/http.(*Server).Serve
	/usr/local/go/src/net/http/server.go:3034 +0x4e8
2021/12/25 11:20:00 server.go:3160: http: panic serving 10.0.2.2:52112: template: private_navbar.html:4: unexpected EOF
goroutine 8 [running]:
net/http.(*conn).serve.func1()
	/usr/local/go/src/net/http/server.go:1802 +0xb9
panic({0x7d96e0, 0xc000013390})
	/usr/local/go/src/runtime/panic.go:1047 +0x266
text/template.Must(...)
	/usr/local/go/src/text/template/helper.go:25
todo_app/todo_app/app/controllers.generateHTML({0x8a5fb8, 0xc0000d02a0}, {0x0, 0x0}, {0xc000091a08, 0x3, 0xc000091b70})
	/home/shogo/go/src/todo_app/app/controllers/server.go:17 +0xf9
todo_app/todo_app/app/controllers.index({0x8a5fb8, 0xc0000d02a0}, 0x0)
	/home/shogo/go/src/todo_app/app/controllers/rote_main.go:22 +0xe5
net/http.HandlerFunc.ServeHTTP(0x0, {0x8a5fb8, 0xc0000d02a0}, 0x0)
	/usr/local/go/src/net/http/server.go:2047 +0x2f
net/http.(*ServeMux).ServeHTTP(0x0, {0x8a5fb8, 0xc0000d02a0}, 0xc0000c6100)
	/usr/local/go/src/net/http/server.go:2425 +0x149
net/http.serverHandler.ServeHTTP({0xc0000793b0}, {0x8a5fb8, 0xc0000d02a0}, 0xc0000c6100)
	/usr/local/go/src/net/http/server.go:2879 +0x43b
net/http.(*conn).serve(0xc000088f00, {0x8a7700, 0xc000079260})
	/usr/local/go/src/net/http/server.go:1930 +0xb08
created by net/http.(*Server).Serve
	/usr/local/go/src/net/http/server.go:3034 +0x4e8
2021/12/25 11:20:00 server.go:3160: http: panic serving 10.0.2.2:52114: template: private_navbar.html:4: unexpected EOF
goroutine 16 [running]:
net/http.(*conn).serve.func1()
	/usr/local/go/src/net/http/server.go:1802 +0xb9
panic({0x7d96e0, 0xc000013560})
	/usr/local/go/src/runtime/panic.go:1047 +0x266
text/template.Must(...)
	/usr/local/go/src/text/template/helper.go:25
todo_app/todo_app/app/controllers.generateHTML({0x8a5fb8, 0xc0000d0380}, {0x0, 0x0}, {0xc000091a08, 0x3, 0xc00004db70})
	/home/shogo/go/src/todo_app/app/controllers/server.go:17 +0xf9
todo_app/todo_app/app/controllers.index({0x8a5fb8, 0xc0000d0380}, 0x0)
	/home/shogo/go/src/todo_app/app/controllers/rote_main.go:22 +0xe5
net/http.HandlerFunc.ServeHTTP(0x0, {0x8a5fb8, 0xc0000d0380}, 0x0)
	/usr/local/go/src/net/http/server.go:2047 +0x2f
net/http.(*ServeMux).ServeHTTP(0x0, {0x8a5fb8, 0xc0000d0380}, 0xc0000c6400)
	/usr/local/go/src/net/http/server.go:2425 +0x149
net/http.serverHandler.ServeHTTP({0xc00012a000}, {0x8a5fb8, 0xc0000d0380}, 0xc0000c6400)
	/usr/local/go/src/net/http/server.go:2879 +0x43b
net/http.(*conn).serve(0xc000088fa0, {0x8a7700, 0xc000079260})
	/usr/local/go/src/net/http/server.go:1930 +0xb08
created by net/http.(*Server).Serve
	/usr/local/go/src/net/http/server.go:3034 +0x4e8
2021/12/25 11:20:00 server.go:3160: http: panic serving 10.0.2.2:52117: template: private_navbar.html:4: unexpected EOF
goroutine 21 [running]:
net/http.(*conn).serve.func1()
	/usr/local/go/src/net/http/server.go:1802 +0xb9
panic({0x7d96e0, 0xc000013740})
	/usr/local/go/src/runtime/panic.go:1047 +0x266
text/template.Must(...)
	/usr/local/go/src/text/template/helper.go:25
todo_app/todo_app/app/controllers.generateHTML({0x8a5fb8, 0xc0000d0460}, {0x0, 0x0}, {0xc000091a08, 0x3, 0xc00004eb70})
	/home/shogo/go/src/todo_app/app/controllers/server.go:17 +0xf9
todo_app/todo_app/app/controllers.index({0x8a5fb8, 0xc0000d0460}, 0x0)
	/home/shogo/go/src/todo_app/app/controllers/rote_main.go:22 +0xe5
net/http.HandlerFunc.ServeHTTP(0x0, {0x8a5fb8, 0xc0000d0460}, 0x0)
	/usr/local/go/src/net/http/server.go:2047 +0x2f
net/http.(*ServeMux).ServeHTTP(0x0, {0x8a5fb8, 0xc0000d0460}, 0xc0000c6600)
	/usr/local/go/src/net/http/server.go:2425 +0x149
net/http.serverHandler.ServeHTTP({0xc00012a5d0}, {0x8a5fb8, 0xc0000d0460}, 0xc0000c6600)
	/usr/local/go/src/net/http/server.go:2879 +0x43b
net/http.(*conn).serve(0xc000089040, {0x8a7700, 0xc000079260})
	/usr/local/go/src/net/http/server.go:1930 +0xb08
created by net/http.(*Server).Serve
	/usr/local/go/src/net/http/server.go:3034 +0x4e8
2021/12/25 11:20:00 server.go:3160: http: panic serving 10.0.2.2:52118: template: private_navbar.html:4: unexpected EOF
goroutine 22 [running]:
net/http.(*conn).serve.func1()
	/usr/local/go/src/net/http/server.go:1802 +0xb9
panic({0x7d96e0, 0xc000013900})
	/usr/local/go/src/runtime/panic.go:1047 +0x266
text/template.Must(...)
	/usr/local/go/src/text/template/helper.go:25
todo_app/todo_app/app/controllers.generateHTML({0x8a5fb8, 0xc0000d0540}, {0x0, 0x0}, {0xc000091a08, 0x3, 0xc00004db70})
	/home/shogo/go/src/todo_app/app/controllers/server.go:17 +0xf9
todo_app/todo_app/app/controllers.index({0x8a5fb8, 0xc0000d0540}, 0x0)
	/home/shogo/go/src/todo_app/app/controllers/rote_main.go:22 +0xe5
net/http.HandlerFunc.ServeHTTP(0x0, {0x8a5fb8, 0xc0000d0540}, 0x0)
	/usr/local/go/src/net/http/server.go:2047 +0x2f
net/http.(*ServeMux).ServeHTTP(0x0, {0x8a5fb8, 0xc0000d0540}, 0xc0000c6500)
	/usr/local/go/src/net/http/server.go:2425 +0x149
net/http.serverHandler.ServeHTTP({0xc00012a570}, {0x8a5fb8, 0xc0000d0540}, 0xc0000c6500)
	/usr/local/go/src/net/http/server.go:2879 +0x43b
net/http.(*conn).serve(0xc0000890e0, {0x8a7700, 0xc000079260})
	/usr/local/go/src/net/http/server.go:1930 +0xb08
created by net/http.(*Server).Serve
	/usr/local/go/src/net/http/server.go:3034 +0x4e8
2021/12/25 11:20:00 server.go:3160: http: panic serving 10.0.2.2:52120: template: private_navbar.html:4: unexpected EOF
goroutine 29 [running]:
net/http.(*conn).serve.func1()
	/usr/local/go/src/net/http/server.go:1802 +0xb9
panic({0x7d96e0, 0xc000013ad0})
	/usr/local/go/src/runtime/panic.go:1047 +0x266
text/template.Must(...)
	/usr/local/go/src/text/template/helper.go:25
todo_app/todo_app/app/controllers.generateHTML({0x8a5fb8, 0xc0000d0620}, {0x0, 0x0}, {0xc000091a08, 0x3, 0xc00004db70})
	/home/shogo/go/src/todo_app/app/controllers/server.go:17 +0xf9
todo_app/todo_app/app/controllers.index({0x8a5fb8, 0xc0000d0620}, 0x0)
	/home/shogo/go/src/todo_app/app/controllers/rote_main.go:22 +0xe5
net/http.HandlerFunc.ServeHTTP(0x0, {0x8a5fb8, 0xc0000d0620}, 0x0)
	/usr/local/go/src/net/http/server.go:2047 +0x2f
net/http.(*ServeMux).ServeHTTP(0x0, {0x8a5fb8, 0xc0000d0620}, 0xc0000c6700)
	/usr/local/go/src/net/http/server.go:2425 +0x149
net/http.serverHandler.ServeHTTP({0xc00012af30}, {0x8a5fb8, 0xc0000d0620}, 0xc0000c6700)
	/usr/local/go/src/net/http/server.go:2879 +0x43b
net/http.(*conn).serve(0xc000089180, {0x8a7700, 0xc000079260})
	/usr/local/go/src/net/http/server.go:1930 +0xb08
created by net/http.(*Server).Serve
	/usr/local/go/src/net/http/server.go:3034 +0x4e8
2021/12/25 11:20:01 server.go:3160: http: panic serving 10.0.2.2:52123: template: private_navbar.html:4: unexpected EOF
goroutine 33 [running]:
net/http.(*conn).serve.func1()
	/usr/local/go/src/net/http/server.go:1802 +0xb9
panic({0x7d96e0, 0xc000013cb0})
	/usr/local/go/src/runtime/panic.go:1047 +0x266
text/template.Must(...)
	/usr/local/go/src/text/template/helper.go:25
todo_app/todo_app/app/controllers.generateHTML({0x8a5fb8, 0xc0000d0700}, {0x0, 0x0}, {0xc000091a08, 0x3, 0xc00004eb70})
	/home/shogo/go/src/todo_app/app/controllers/server.go:17 +0xf9
todo_app/todo_app/app/controllers.index({0x8a5fb8, 0xc0000d0700}, 0x0)
	/home/shogo/go/src/todo_app/app/controllers/rote_main.go:22 +0xe5
net/http.HandlerFunc.ServeHTTP(0x0, {0x8a5fb8, 0xc0000d0700}, 0x0)
	/usr/local/go/src/net/http/server.go:2047 +0x2f
net/http.(*ServeMux).ServeHTTP(0x0, {0x8a5fb8, 0xc0000d0700}, 0xc0000c6900)
	/usr/local/go/src/net/http/server.go:2425 +0x149
net/http.serverHandler.ServeHTTP({0xc00012b500}, {0x8a5fb8, 0xc0000d0700}, 0xc0000c6900)
	/usr/local/go/src/net/http/server.go:2879 +0x43b
net/http.(*conn).serve(0xc000089220, {0x8a7700, 0xc000079260})
	/usr/local/go/src/net/http/server.go:1930 +0xb08
created by net/http.(*Server).Serve
	/usr/local/go/src/net/http/server.go:3034 +0x4e8
2021/12/25 11:20:01 server.go:3160: http: panic serving 10.0.2.2:52124: template: private_navbar.html:4: unexpected EOF
goroutine 34 [running]:
net/http.(*conn).serve.func1()
	/usr/local/go/src/net/http/server.go:1802 +0xb9
panic({0x7d96e0, 0xc000013e70})
	/usr/local/go/src/runtime/panic.go:1047 +0x266
text/template.Must(...)
	/usr/local/go/src/text/template/helper.go:25
todo_app/todo_app/app/controllers.generateHTML({0x8a5fb8, 0xc0000d07e0}, {0x0, 0x0}, {0xc000091a08, 0x3, 0xc00004db70})
	/home/shogo/go/src/todo_app/app/controllers/server.go:17 +0xf9
todo_app/todo_app/app/controllers.index({0x8a5fb8, 0xc0000d07e0}, 0x0)
	/home/shogo/go/src/todo_app/app/controllers/rote_main.go:22 +0xe5
net/http.HandlerFunc.ServeHTTP(0x0, {0x8a5fb8, 0xc0000d07e0}, 0x0)
	/usr/local/go/src/net/http/server.go:2047 +0x2f
net/http.(*ServeMux).ServeHTTP(0x0, {0x8a5fb8, 0xc0000d07e0}, 0xc0000c6800)
	/usr/local/go/src/net/http/server.go:2425 +0x149
net/http.serverHandler.ServeHTTP({0xc00012b4a0}, {0x8a5fb8, 0xc0000d07e0}, 0xc0000c6800)
	/usr/local/go/src/net/http/server.go:2879 +0x43b
net/http.(*conn).serve(0xc0000892c0, {0x8a7700, 0xc000079260})
	/usr/local/go/src/net/http/server.go:1930 +0xb08
created by net/http.(*Server).Serve
	/usr/local/go/src/net/http/server.go:3034 +0x4e8
2021/12/25 11:20:01 server.go:3160: http: panic serving 10.0.2.2:52126: template: private_navbar.html:4: unexpected EOF
goroutine 41 [running]:
net/http.(*conn).serve.func1()
	/usr/local/go/src/net/http/server.go:1802 +0xb9
panic({0x7d96e0, 0xc0001a0040})
	/usr/local/go/src/runtime/panic.go:1047 +0x266
text/template.Must(...)
	/usr/local/go/src/text/template/helper.go:25
todo_app/todo_app/app/controllers.generateHTML({0x8a5fb8, 0xc0000d08c0}, {0x0, 0x0}, {0xc000091a08, 0x3, 0xc00004db70})
	/home/shogo/go/src/todo_app/app/controllers/server.go:17 +0xf9
todo_app/todo_app/app/controllers.index({0x8a5fb8, 0xc0000d08c0}, 0x0)
	/home/shogo/go/src/todo_app/app/controllers/rote_main.go:22 +0xe5
net/http.HandlerFunc.ServeHTTP(0x0, {0x8a5fb8, 0xc0000d08c0}, 0x0)
	/usr/local/go/src/net/http/server.go:2047 +0x2f
net/http.(*ServeMux).ServeHTTP(0x0, {0x8a5fb8, 0xc0000d08c0}, 0xc0000c6a00)
	/usr/local/go/src/net/http/server.go:2425 +0x149
net/http.serverHandler.ServeHTTP({0xc00012be60}, {0x8a5fb8, 0xc0000d08c0}, 0xc0000c6a00)
	/usr/local/go/src/net/http/server.go:2879 +0x43b
net/http.(*conn).serve(0xc000089360, {0x8a7700, 0xc000079260})
	/usr/local/go/src/net/http/server.go:1930 +0xb08
created by net/http.(*Server).Serve
	/usr/local/go/src/net/http/server.go:3034 +0x4e8
2021/12/25 11:20:06 server.go:3160: http: panic serving 10.0.2.2:52131: template: private_navbar.html:4: unexpected EOF
goroutine 45 [running]:
net/http.(*conn).serve.func1()
	/usr/local/go/src/net/http/server.go:1802 +0xb9
panic({0x7d96e0, 0xc0001a0220})
	/usr/local/go/src/runtime/panic.go:1047 +0x266
text/template.Must(...)
	/usr/local/go/src/text/template/helper.go:25
todo_app/todo_app/app/controllers.generateHTML({0x8a5fb8, 0xc0000d09a0}, {0x0, 0x0}, {0xc000091a08, 0x3, 0xc00004eb70})
	/home/shogo/go/src/todo_app/app/controllers/server.go:17 +0xf9
todo_app/todo_app/app/controllers.index({0x8a5fb8, 0xc0000d09a0}, 0x0)
	/home/shogo/go/src/todo_app/app/controllers/rote_main.go:22 +0xe5
net/http.HandlerFunc.ServeHTTP(0x0, {0x8a5fb8, 0xc0000d09a0}, 0x0)
	/usr/local/go/src/net/http/server.go:2047 +0x2f
net/http.(*ServeMux).ServeHTTP(0x0, {0x8a5fb8, 0xc0000d09a0}, 0xc0000c6c00)
	/usr/local/go/src/net/http/server.go:2425 +0x149
net/http.serverHandler.ServeHTTP({0xc00017e450}, {0x8a5fb8, 0xc0000d09a0}, 0xc0000c6c00)
	/usr/local/go/src/net/http/server.go:2879 +0x43b
net/http.(*conn).serve(0xc000089400, {0x8a7700, 0xc000079260})
	/usr/local/go/src/net/http/server.go:1930 +0xb08
created by net/http.(*Server).Serve
	/usr/local/go/src/net/http/server.go:3034 +0x4e8
2021/12/25 11:20:06 server.go:3160: http: panic serving 10.0.2.2:52132: template: private_navbar.html:4: unexpected EOF
goroutine 46 [running]:
net/http.(*conn).serve.func1()
	/usr/local/go/src/net/http/server.go:1802 +0xb9
panic({0x7d96e0, 0xc0001a03e0})
	/usr/local/go/src/runtime/panic.go:1047 +0x266
text/template.Must(...)
	/usr/local/go/src/text/template/helper.go:25
todo_app/todo_app/app/controllers.generateHTML({0x8a5fb8, 0xc0000d0a80}, {0x0, 0x0}, {0xc000091a08, 0x3, 0xc00004db70})
	/home/shogo/go/src/todo_app/app/controllers/server.go:17 +0xf9
todo_app/todo_app/app/controllers.index({0x8a5fb8, 0xc0000d0a80}, 0x0)
	/home/shogo/go/src/todo_app/app/controllers/rote_main.go:22 +0xe5
net/http.HandlerFunc.ServeHTTP(0x0, {0x8a5fb8, 0xc0000d0a80}, 0x0)
	/usr/local/go/src/net/http/server.go:2047 +0x2f
net/http.(*ServeMux).ServeHTTP(0x0, {0x8a5fb8, 0xc0000d0a80}, 0xc0000c6b00)
	/usr/local/go/src/net/http/server.go:2425 +0x149
net/http.serverHandler.ServeHTTP({0xc00017e3f0}, {0x8a5fb8, 0xc0000d0a80}, 0xc0000c6b00)
	/usr/local/go/src/net/http/server.go:2879 +0x43b
net/http.(*conn).serve(0xc0000894a0, {0x8a7700, 0xc000079260})
	/usr/local/go/src/net/http/server.go:1930 +0xb08
created by net/http.(*Server).Serve
	/usr/local/go/src/net/http/server.go:3034 +0x4e8
2021/12/25 11:20:06 server.go:3160: http: panic serving 10.0.2.2:52134: template: private_navbar.html:4: unexpected EOF
goroutine 53 [running]:
net/http.(*conn).serve.func1()
	/usr/local/go/src/net/http/server.go:1802 +0xb9
panic({0x7d96e0, 0xc0001a05b0})
	/usr/local/go/src/runtime/panic.go:1047 +0x266
text/template.Must(...)
	/usr/local/go/src/text/template/helper.go:25
todo_app/todo_app/app/controllers.generateHTML({0x8a5fb8, 0xc0000d0b60}, {0x0, 0x0}, {0xc000091a08, 0x3, 0xc00004db70})
	/home/shogo/go/src/todo_app/app/controllers/server.go:17 +0xf9
todo_app/todo_app/app/controllers.index({0x8a5fb8, 0xc0000d0b60}, 0x0)
	/home/shogo/go/src/todo_app/app/controllers/rote_main.go:22 +0xe5
net/http.HandlerFunc.ServeHTTP(0x0, {0x8a5fb8, 0xc0000d0b60}, 0x0)
	/usr/local/go/src/net/http/server.go:2047 +0x2f
net/http.(*ServeMux).ServeHTTP(0x0, {0x8a5fb8, 0xc0000d0b60}, 0xc0000c6d00)
	/usr/local/go/src/net/http/server.go:2425 +0x149
net/http.serverHandler.ServeHTTP({0xc00017edb0}, {0x8a5fb8, 0xc0000d0b60}, 0xc0000c6d00)
	/usr/local/go/src/net/http/server.go:2879 +0x43b
net/http.(*conn).serve(0xc000089540, {0x8a7700, 0xc000079260})
	/usr/local/go/src/net/http/server.go:1930 +0xb08
created by net/http.(*Server).Serve
	/usr/local/go/src/net/http/server.go:3034 +0x4e8
2021/12/25 11:20:36 server.go:3160: http: panic serving 10.0.2.2:52161: template: private_navbar.html:4: unexpected EOF
goroutine 57 [running]:
net/http.(*conn).serve.func1()
	/usr/local/go/src/net/http/server.go:1802 +0xb9
panic({0x7d96e0, 0xc0001a0790})
	/usr/local/go/src/runtime/panic.go:1047 +0x266
text/template.Must(...)
	/usr/local/go/src/text/template/helper.go:25
todo_app/todo_app/app/controllers.generateHTML({0x8a5fb8, 0xc0000d0c40}, {0x0, 0x0}, {0xc000091a08, 0x3, 0xc00004eb70})
	/home/shogo/go/src/todo_app/app/controllers/server.go:17 +0xf9
todo_app/todo_app/app/controllers.index({0x8a5fb8, 0xc0000d0c40}, 0x0)
	/home/shogo/go/src/todo_app/app/controllers/rote_main.go:22 +0xe5
net/http.HandlerFunc.ServeHTTP(0x0, {0x8a5fb8, 0xc0000d0c40}, 0x0)
	/usr/local/go/src/net/http/server.go:2047 +0x2f
net/http.(*ServeMux).ServeHTTP(0x0, {0x8a5fb8, 0xc0000d0c40}, 0xc0000c6f00)
	/usr/local/go/src/net/http/server.go:2425 +0x149
net/http.serverHandler.ServeHTTP({0xc00017f380}, {0x8a5fb8, 0xc0000d0c40}, 0xc0000c6f00)
	/usr/local/go/src/net/http/server.go:2879 +0x43b
net/http.(*conn).serve(0xc0000895e0, {0x8a7700, 0xc000079260})
	/usr/local/go/src/net/http/server.go:1930 +0xb08
created by net/http.(*Server).Serve
	/usr/local/go/src/net/http/server.go:3034 +0x4e8
2021/12/25 11:20:36 server.go:3160: http: panic serving 10.0.2.2:52162: template: private_navbar.html:4: unexpected EOF
goroutine 58 [running]:
net/http.(*conn).serve.func1()
	/usr/local/go/src/net/http/server.go:1802 +0xb9
panic({0x7d96e0, 0xc0001a0950})
	/usr/local/go/src/runtime/panic.go:1047 +0x266
text/template.Must(...)
	/usr/local/go/src/text/template/helper.go:25
todo_app/todo_app/app/controllers.generateHTML({0x8a5fb8, 0xc0000d0d20}, {0x0, 0x0}, {0xc000091a08, 0x3, 0xc00004db70})
	/home/shogo/go/src/todo_app/app/controllers/server.go:17 +0xf9
todo_app/todo_app/app/controllers.index({0x8a5fb8, 0xc0000d0d20}, 0x0)
	/home/shogo/go/src/todo_app/app/controllers/rote_main.go:22 +0xe5
net/http.HandlerFunc.ServeHTTP(0x0, {0x8a5fb8, 0xc0000d0d20}, 0x0)
	/usr/local/go/src/net/http/server.go:2047 +0x2f
net/http.(*ServeMux).ServeHTTP(0x0, {0x8a5fb8, 0xc0000d0d20}, 0xc0000c6e00)
	/usr/local/go/src/net/http/server.go:2425 +0x149
net/http.serverHandler.ServeHTTP({0xc00017f320}, {0x8a5fb8, 0xc0000d0d20}, 0xc0000c6e00)
	/usr/local/go/src/net/http/server.go:2879 +0x43b
net/http.(*conn).serve(0xc000089680, {0x8a7700, 0xc000079260})
	/usr/local/go/src/net/http/server.go:1930 +0xb08
created by net/http.(*Server).Serve
	/usr/local/go/src/net/http/server.go:3034 +0x4e8
2021/12/25 11:20:36 server.go:3160: http: panic serving 10.0.2.2:52164: template: private_navbar.html:4: unexpected EOF
goroutine 65 [running]:
net/http.(*conn).serve.func1()
	/usr/local/go/src/net/http/server.go:1802 +0xb9
panic({0x7d96e0, 0xc0001a0b20})
	/usr/local/go/src/runtime/panic.go:1047 +0x266
text/template.Must(...)
	/usr/local/go/src/text/template/helper.go:25
todo_app/todo_app/app/controllers.generateHTML({0x8a5fb8, 0xc0000d0e00}, {0x0, 0x0}, {0xc000091a08, 0x3, 0xc00004db70})
	/home/shogo/go/src/todo_app/app/controllers/server.go:17 +0xf9
todo_app/todo_app/app/controllers.index({0x8a5fb8, 0xc0000d0e00}, 0x0)
	/home/shogo/go/src/todo_app/app/controllers/rote_main.go:22 +0xe5
net/http.HandlerFunc.ServeHTTP(0x0, {0x8a5fb8, 0xc0000d0e00}, 0x0)
	/usr/local/go/src/net/http/server.go:2047 +0x2f
net/http.(*ServeMux).ServeHTTP(0x0, {0x8a5fb8, 0xc0000d0e00}, 0xc0000c7000)
	/usr/local/go/src/net/http/server.go:2425 +0x149
net/http.serverHandler.ServeHTTP({0xc00017fce0}, {0x8a5fb8, 0xc0000d0e00}, 0xc0000c7000)
	/usr/local/go/src/net/http/server.go:2879 +0x43b
net/http.(*conn).serve(0xc000089720, {0x8a7700, 0xc000079260})
	/usr/local/go/src/net/http/server.go:1930 +0xb08
created by net/http.(*Server).Serve
	/usr/local/go/src/net/http/server.go:3034 +0x4e8
2021/12/25 12:12:53 server.go:3160: http: superfluous response.WriteHeader call from todo_app/todo_app/app/controllers.auhtenticate (route_auth.go:66)
2021/12/25 12:34:00 rote_main.go:24: sql: no rows in result set
